Build started 07.09.2016 11:58:00.
     1>Project "D:\программирование\блоки и лабы\семестр номер 3 (блоки и лабы)\lab_01_02\lab_01_02\lab_01_02.vcxproj" on node 2 (Build target(s)).
     1>ClCompile:
         C:\Program Files (x86)\Microsoft Visual Studio 12.0\VC\bin\CL.exe /c /ZI /nologo /W3 /WX- /Od /Oy- /D WIN32 /D _DEBUG /D _CONSOLE /D _LIB /D _UNICODE /D UNICODE /Gm /EHsc /RTC1 /MDd /GS /fp:precise /Zc:wchar_t /Zc:forScope /Fo"Debug\\" /Fd"Debug\vc120.pdb" /Gd /TP /analyze- /errorReport:prompt Source.cpp
         Source.cpp
     1>d:\программирование\блоки и лабы\семестр номер 3 (блоки и лабы)\lab_01_02\lab_01_02\source.cpp(51): warning C4305: 'initializing' : truncation from 'double' to 'float'
     1>d:\программирование\блоки и лабы\семестр номер 3 (блоки и лабы)\lab_01_02\lab_01_02\source.cpp(70): warning C4996: 'scanf': This function or variable may be unsafe. Consider using scanf_s instead. To disable deprecation, use _CRT_SECURE_NO_WARNINGS. See online help for details.
                 c:\program files (x86)\microsoft visual studio 12.0\vc\include\stdio.h(283) : see declaration of 'scanf'
     1>d:\программирование\блоки и лабы\семестр номер 3 (блоки и лабы)\lab_01_02\lab_01_02\source.cpp(84): warning C4996: 'scanf': This function or variable may be unsafe. Consider using scanf_s instead. To disable deprecation, use _CRT_SECURE_NO_WARNINGS. See online help for details.
                 c:\program files (x86)\microsoft visual studio 12.0\vc\include\stdio.h(283) : see declaration of 'scanf'
     1>d:\программирование\блоки и лабы\семестр номер 3 (блоки и лабы)\lab_01_02\lab_01_02\source.cpp(93): warning C4996: 'scanf': This function or variable may be unsafe. Consider using scanf_s instead. To disable deprecation, use _CRT_SECURE_NO_WARNINGS. See online help for details.
                 c:\program files (x86)\microsoft visual studio 12.0\vc\include\stdio.h(283) : see declaration of 'scanf'
     1>d:\программирование\блоки и лабы\семестр номер 3 (блоки и лабы)\lab_01_02\lab_01_02\source.cpp(103): warning C4996: 'scanf': This function or variable may be unsafe. Consider using scanf_s instead. To disable deprecation, use _CRT_SECURE_NO_WARNINGS. See online help for details.
                 c:\program files (x86)\microsoft visual studio 12.0\vc\include\stdio.h(283) : see declaration of 'scanf'
     1>d:\программирование\блоки и лабы\семестр номер 3 (блоки и лабы)\lab_01_02\lab_01_02\source.cpp(111): warning C4996: 'scanf': This function or variable may be unsafe. Consider using scanf_s instead. To disable deprecation, use _CRT_SECURE_NO_WARNINGS. See online help for details.
                 c:\program files (x86)\microsoft visual studio 12.0\vc\include\stdio.h(283) : see declaration of 'scanf'
     1>d:\программирование\блоки и лабы\семестр номер 3 (блоки и лабы)\lab_01_02\lab_01_02\header.h(29): warning C4305: 'initializing' : truncation from 'double' to 'float'
                 d:\программирование\блоки и лабы\семестр номер 3 (блоки и лабы)\lab_01_02\lab_01_02\source.cpp(75) : see reference to function template instantiation 'T area<int>(T)' being compiled
                 with
                 [
                     T=int
                 ]
     1>d:\программирование\блоки и лабы\семестр номер 3 (блоки и лабы)\lab_01_02\lab_01_02\header.h(31): warning C4244: '=' : conversion from 'float' to 'int', possible loss of data
     1>d:\программирование\блоки и лабы\семестр номер 3 (блоки и лабы)\lab_01_02\lab_01_02\header.h(55): warning C4305: 'initializing' : truncation from 'double' to 'float'
                 d:\программирование\блоки и лабы\семестр номер 3 (блоки и лабы)\lab_01_02\lab_01_02\source.cpp(79) : see reference to function template instantiation 'T perimetr<double>(T)' being compiled
                 with
                 [
                     T=double
                 ]
     1>d:\программирование\блоки и лабы\семестр номер 3 (блоки и лабы)\lab_01_02\lab_01_02\header.h(94): warning C4244: '=' : conversion from 'double' to 'float', possible loss of data
                 d:\программирование\блоки и лабы\семестр номер 3 (блоки и лабы)\lab_01_02\lab_01_02\source.cpp(85) : see reference to function template instantiation 'void generat<float>(T [],int)' being compiled
                 with
                 [
                     T=float
                 ]
     1>d:\программирование\блоки и лабы\семестр номер 3 (блоки и лабы)\lab_01_02\lab_01_02\header.h(108): warning C4244: '=' : conversion from 'double' to 'float', possible loss of data
                 d:\программирование\блоки и лабы\семестр номер 3 (блоки и лабы)\lab_01_02\lab_01_02\source.cpp(113) : see reference to function template instantiation 'void generat<float>(T [][100],int,int)' being compiled
                 with
                 [
                     T=float
                 ]
       Link:
         C:\Program Files (x86)\Microsoft Visual Studio 12.0\VC\bin\link.exe /ERRORREPORT:PROMPT /OUT:"D:\программирование\блоки и лабы\семестр номер 3 (блоки и лабы)\lab_01_02\Debug\lab_01_02.exe" /INCREMENTAL /NOLOGO kernel32.lib user32.lib gdi32.lib winspool.lib comdlg32.lib advapi32.lib shell32.lib ole32.lib oleaut32.lib uuid.lib odbc32.lib odbccp32.lib /MANIFEST /MANIFESTUAC:"level='asInvoker' uiAccess='false'" /manifest:embed /DEBUG /PDB:"D:\программирование\блоки и лабы\семестр номер 3 (блоки и лабы)\lab_01_02\Debug\lab_01_02.pdb" /SUBSYSTEM:CONSOLE /TLBID:1 /DYNAMICBASE /NXCOMPAT /IMPLIB:"D:\программирование\блоки и лабы\семестр номер 3 (блоки и лабы)\lab_01_02\Debug\lab_01_02.lib" /MACHINE:X86 Debug\Source.obj
         lab_01_02.vcxproj -> D:\программирование\блоки и лабы\семестр номер 3 (блоки и лабы)\lab_01_02\Debug\lab_01_02.exe
     1>Done Building Project "D:\программирование\блоки и лабы\семестр номер 3 (блоки и лабы)\lab_01_02\lab_01_02\lab_01_02.vcxproj" (Build target(s)).

Build succeeded.

Time Elapsed 00:00:01.41
